<?xml version="1.0" encoding="UTF-8"?>
<testsuite xmlns:xsi="http://www.w3.org/2001/XMLSchema-instance" xsi:noNamespaceSchemaLocation="https://maven.apache.org/surefire/maven-surefire-plugin/xsd/surefire-test-report-3.0.xsd" version="3.0" name="com.toholanka.inventorybackend.InventoryBackendApplicationTests" time="9.237" tests="1" errors="0" skipped="0" failures="0">
  <properties>
    <property name="java.specification.version" value="21"/>
    <property name="sun.cpu.isalist" value="amd64"/>
    <property name="sun.jnu.encoding" value="Cp1252"/>
    <property name="java.class.path" value="D:\Project\TOHO-LANKA -V2\inventory-backend\target\test-classes;D:\Project\TOHO-LANKA -V2\inventory-backend\target\classes;C:\Users\tisha\.m2\repository\org\springframework\boot\spring-boot-starter-web\3.2.3-SNAPSHOT\spring-boot-starter-web-3.2.3-SNAPSHOT.jar;C:\Users\tisha\.m2\repository\org\springframework\boot\spring-boot-starter\3.2.3-SNAPSHOT\spring-boot-starter-3.2.3-SNAPSHOT.jar;C:\Users\tisha\.m2\repository\jakarta\annotation\jakarta.annotation-api\2.1.1\jakarta.annotation-api-2.1.1.jar;C:\Users\tisha\.m2\repository\org\yaml\snakeyaml\2.2\snakeyaml-2.2.jar;C:\Users\tisha\.m2\repository\org\springframework\boot\spring-boot-starter-json\3.2.3-SNAPSHOT\spring-boot-starter-json-3.2.3-SNAPSHOT.jar;C:\Users\tisha\.m2\repository\com\fasterxml\jackson\core\jackson-databind\2.15.3\jackson-databind-2.15.3.jar;C:\Users\tisha\.m2\repository\com\fasterxml\jackson\core\jackson-core\2.15.3\jackson-core-2.15.3.jar;C:\Users\tisha\.m2\repository\com\fasterxml\jackson\datatype\jackson-datatype-jdk8\2.15.3\jackson-datatype-jdk8-2.15.3.jar;C:\Users\tisha\.m2\repository\com\fasterxml\jackson\datatype\jackson-datatype-jsr310\2.15.3\jackson-datatype-jsr310-2.15.3.jar;C:\Users\tisha\.m2\repository\com\fasterxml\jackson\module\jackson-module-parameter-names\2.15.3\jackson-module-parameter-names-2.15.3.jar;C:\Users\tisha\.m2\repository\org\springframework\boot\spring-boot-starter-tomcat\3.2.3-SNAPSHOT\spring-boot-starter-tomcat-3.2.3-SNAPSHOT.jar;C:\Users\tisha\.m2\repository\org\apache\tomcat\embed\tomcat-embed-core\10.1.18\tomcat-embed-core-10.1.18.jar;C:\Users\tisha\.m2\repository\org\apache\tomcat\embed\tomcat-embed-el\10.1.18\tomcat-embed-el-10.1.18.jar;C:\Users\tisha\.m2\repository\org\apache\tomcat\embed\tomcat-embed-websocket\10.1.18\tomcat-embed-websocket-10.1.18.jar;C:\Users\tisha\.m2\repository\org\springframework\spring-web\6.1.4-SNAPSHOT\spring-web-6.1.4-SNAPSHOT.jar;C:\Users\tisha\.m2\repository\org\springframework\spring-beans\6.1.4-SNAPSHOT\spring-beans-6.1.4-SNAPSHOT.jar;C:\Users\tisha\.m2\repository\io\micrometer\micrometer-observation\1.12.3\micrometer-observation-1.12.3.jar;C:\Users\tisha\.m2\repository\io\micrometer\micrometer-commons\1.12.3\micrometer-commons-1.12.3.jar;C:\Users\tisha\.m2\repository\org\springframework\spring-webmvc\6.1.4-SNAPSHOT\spring-webmvc-6.1.4-SNAPSHOT.jar;C:\Users\tisha\.m2\repository\org\springframework\spring-aop\6.1.4-SNAPSHOT\spring-aop-6.1.4-SNAPSHOT.jar;C:\Users\tisha\.m2\repository\org\springframework\spring-context\6.1.4-SNAPSHOT\spring-context-6.1.4-SNAPSHOT.jar;C:\Users\tisha\.m2\repository\org\springframework\spring-expression\6.1.4-SNAPSHOT\spring-expression-6.1.4-SNAPSHOT.jar;C:\Users\tisha\.m2\repository\org\springframework\boot\spring-boot-starter-thymeleaf\3.2.3-SNAPSHOT\spring-boot-starter-thymeleaf-3.2.3-SNAPSHOT.jar;C:\Users\tisha\.m2\repository\org\thymeleaf\thymeleaf-spring6\3.1.2.RELEASE\thymeleaf-spring6-3.1.2.RELEASE.jar;C:\Users\tisha\.m2\repository\org\thymeleaf\thymeleaf\3.1.2.RELEASE\thymeleaf-3.1.2.RELEASE.jar;C:\Users\tisha\.m2\repository\org\attoparser\attoparser\2.0.7.RELEASE\attoparser-2.0.7.RELEASE.jar;C:\Users\tisha\.m2\repository\org\unbescape\unbescape\1.1.6.RELEASE\unbescape-1.1.6.RELEASE.jar;C:\Users\tisha\.m2\repository\org\springframework\boot\spring-boot-starter-data-jpa\3.2.3-SNAPSHOT\spring-boot-starter-data-jpa-3.2.3-SNAPSHOT.jar;C:\Users\tisha\.m2\repository\org\springframework\boot\spring-boot-starter-aop\3.2.3-SNAPSHOT\spring-boot-starter-aop-3.2.3-SNAPSHOT.jar;C:\Users\tisha\.m2\repository\org\aspectj\aspectjweaver\1.9.21\aspectjweaver-1.9.21.jar;C:\Users\tisha\.m2\repository\org\springframework\boot\spring-boot-starter-jdbc\3.2.3-SNAPSHOT\spring-boot-starter-jdbc-3.2.3-SNAPSHOT.jar;C:\Users\tisha\.m2\repository\com\zaxxer\HikariCP\5.0.1\HikariCP-5.0.1.jar;C:\Users\tisha\.m2\repository\org\springframework\spring-jdbc\6.1.4-SNAPSHOT\spring-jdbc-6.1.4-SNAPSHOT.jar;C:\Users\tisha\.m2\repository\org\hibernate\orm\hibernate-core\6.4.4.Final\hibernate-core-6.4.4.Final.jar;C:\Users\tisha\.m2\repository\jakarta\persistence\jakarta.persistence-api\3.1.0\jakarta.persistence-api-3.1.0.jar;C:\Users\tisha\.m2\repository\jakarta\transaction\jakarta.transaction-api\2.0.1\jakarta.transaction-api-2.0.1.jar;C:\Users\tisha\.m2\repository\org\jboss\logging\jboss-logging\3.5.3.Final\jboss-logging-3.5.3.Final.jar;C:\Users\tisha\.m2\repository\org\hibernate\common\hibernate-commons-annotations\6.0.6.Final\hibernate-commons-annotations-6.0.6.Final.jar;C:\Users\tisha\.m2\repository\io\smallrye\jandex\3.1.2\jandex-3.1.2.jar;C:\Users\tisha\.m2\repository\net\bytebuddy\byte-buddy\1.14.11\byte-buddy-1.14.11.jar;C:\Users\tisha\.m2\repository\org\glassfish\jaxb\jaxb-runtime\4.0.4\jaxb-runtime-4.0.4.jar;C:\Users\tisha\.m2\repository\org\glassfish\jaxb\jaxb-core\4.0.4\jaxb-core-4.0.4.jar;C:\Users\tisha\.m2\repository\org\glassfish\jaxb\txw2\4.0.4\txw2-4.0.4.jar;C:\Users\tisha\.m2\repository\com\sun\istack\istack-commons-runtime\4.1.2\istack-commons-runtime-4.1.2.jar;C:\Users\tisha\.m2\repository\jakarta\inject\jakarta.inject-api\2.0.1\jakarta.inject-api-2.0.1.jar;C:\Users\tisha\.m2\repository\org\antlr\antlr4-runtime\4.13.0\antlr4-runtime-4.13.0.jar;C:\Users\tisha\.m2\repository\org\springframework\data\spring-data-jpa\3.2.3-SNAPSHOT\spring-data-jpa-3.2.3-SNAPSHOT.jar;C:\Users\tisha\.m2\repository\org\springframework\data\spring-data-commons\3.2.3-SNAPSHOT\spring-data-commons-3.2.3-SNAPSHOT.jar;C:\Users\tisha\.m2\repository\org\springframework\spring-orm\6.1.4-SNAPSHOT\spring-orm-6.1.4-SNAPSHOT.jar;C:\Users\tisha\.m2\repository\org\springframework\spring-tx\6.1.4-SNAPSHOT\spring-tx-6.1.4-SNAPSHOT.jar;C:\Users\tisha\.m2\repository\org\springframework\spring-aspects\6.1.4-SNAPSHOT\spring-aspects-6.1.4-SNAPSHOT.jar;C:\Users\tisha\.m2\repository\javax\validation\validation-api\2.0.1.Final\validation-api-2.0.1.Final.jar;C:\Users\tisha\.m2\repository\org\springframework\boot\spring-boot-starter-mail\3.2.3-SNAPSHOT\spring-boot-starter-mail-3.2.3-SNAPSHOT.jar;C:\Users\tisha\.m2\repository\org\springframework\spring-context-support\6.1.4-SNAPSHOT\spring-context-support-6.1.4-SNAPSHOT.jar;C:\Users\tisha\.m2\repository\org\eclipse\angus\jakarta.mail\2.0.2\jakarta.mail-2.0.2.jar;C:\Users\tisha\.m2\repository\jakarta\activation\jakarta.activation-api\2.1.2\jakarta.activation-api-2.1.2.jar;C:\Users\tisha\.m2\repository\org\eclipse\angus\angus-activation\2.0.1\angus-activation-2.0.1.jar;C:\Users\tisha\.m2\repository\io\springfox\springfox-swagger2\3.0.0\springfox-swagger2-3.0.0.jar;C:\Users\tisha\.m2\repository\io\springfox\springfox-spi\3.0.0\springfox-spi-3.0.0.jar;C:\Users\tisha\.m2\repository\io\springfox\springfox-core\3.0.0\springfox-core-3.0.0.jar;C:\Users\tisha\.m2\repository\io\springfox\springfox-schema\3.0.0\springfox-schema-3.0.0.jar;C:\Users\tisha\.m2\repository\io\springfox\springfox-swagger-common\3.0.0\springfox-swagger-common-3.0.0.jar;C:\Users\tisha\.m2\repository\io\swagger\core\v3\swagger-annotations\2.1.2\swagger-annotations-2.1.2.jar;C:\Users\tisha\.m2\repository\io\springfox\springfox-spring-web\3.0.0\springfox-spring-web-3.0.0.jar;C:\Users\tisha\.m2\repository\io\github\classgraph\classgraph\4.8.83\classgraph-4.8.83.jar;C:\Users\tisha\.m2\repository\io\springfox\springfox-spring-webmvc\3.0.0\springfox-spring-webmvc-3.0.0.jar;C:\Users\tisha\.m2\repository\io\springfox\springfox-spring-webflux\3.0.0\springfox-spring-webflux-3.0.0.jar;C:\Users\tisha\.m2\repository\com\fasterxml\classmate\1.6.0\classmate-1.6.0.jar;C:\Users\tisha\.m2\repository\org\slf4j\slf4j-api\2.0.12\slf4j-api-2.0.12.jar;C:\Users\tisha\.m2\repository\org\springframework\plugin\spring-plugin-core\2.0.0.RELEASE\spring-plugin-core-2.0.0.RELEASE.jar;C:\Users\tisha\.m2\repository\org\springframework\plugin\spring-plugin-metadata\2.0.0.RELEASE\spring-plugin-metadata-2.0.0.RELEASE.jar;C:\Users\tisha\.m2\repository\io\swagger\swagger-annotations\1.5.20\swagger-annotations-1.5.20.jar;C:\Users\tisha\.m2\repository\io\swagger\swagger-models\1.5.20\swagger-models-1.5.20.jar;C:\Users\tisha\.m2\repository\com\fasterxml\jackson\core\jackson-annotations\2.15.3\jackson-annotations-2.15.3.jar;C:\Users\tisha\.m2\repository\org\mapstruct\mapstruct\1.3.1.Final\mapstruct-1.3.1.Final.jar;C:\Users\tisha\.m2\repository\com\mysql\mysql-connector-j\8.3.0\mysql-connector-j-8.3.0.jar;C:\Users\tisha\.m2\repository\org\springframework\boot\spring-boot-devtools\3.2.3-SNAPSHOT\spring-boot-devtools-3.2.3-SNAPSHOT.jar;C:\Users\tisha\.m2\repository\org\springframework\boot\spring-boot\3.2.3-SNAPSHOT\spring-boot-3.2.3-SNAPSHOT.jar;C:\Users\tisha\.m2\repository\org\springframework\boot\spring-boot-autoconfigure\3.2.3-SNAPSHOT\spring-boot-autoconfigure-3.2.3-SNAPSHOT.jar;C:\Users\tisha\.m2\repository\org\springframework\boot\spring-boot-starter-test\3.2.3-SNAPSHOT\spring-boot-starter-test-3.2.3-SNAPSHOT.jar;C:\Users\tisha\.m2\repository\org\springframework\boot\spring-boot-test\3.2.3-SNAPSHOT\spring-boot-test-3.2.3-SNAPSHOT.jar;C:\Users\tisha\.m2\repository\org\springframework\boot\spring-boot-test-autoconfigure\3.2.3-SNAPSHOT\spring-boot-test-autoconfigure-3.2.3-SNAPSHOT.jar;C:\Users\tisha\.m2\repository\com\jayway\jsonpath\json-path\2.9.0\json-path-2.9.0.jar;C:\Users\tisha\.m2\repository\jakarta\xml\bind\jakarta.xml.bind-api\4.0.1\jakarta.xml.bind-api-4.0.1.jar;C:\Users\tisha\.m2\repository\net\minidev\json-smart\2.5.0\json-smart-2.5.0.jar;C:\Users\tisha\.m2\repository\net\minidev\accessors-smart\2.5.0\accessors-smart-2.5.0.jar;C:\Users\tisha\.m2\repository\org\ow2\asm\asm\9.3\asm-9.3.jar;C:\Users\tisha\.m2\repository\org\assertj\assertj-core\3.24.2\assertj-core-3.24.2.jar;C:\Users\tisha\.m2\repository\org\awaitility\awaitility\4.2.0\awaitility-4.2.0.jar;C:\Users\tisha\.m2\repository\org\hamcrest\hamcrest\2.2\hamcrest-2.2.jar;C:\Users\tisha\.m2\repository\org\junit\jupiter\junit-jupiter\5.10.2\junit-jupiter-5.10.2.jar;C:\Users\tisha\.m2\repository\org\junit\jupiter\junit-jupiter-api\5.10.2\junit-jupiter-api-5.10.2.jar;C:\Users\tisha\.m2\repository\org\opentest4j\opentest4j\1.3.0\opentest4j-1.3.0.jar;C:\Users\tisha\.m2\repository\org\junit\platform\junit-platform-commons\1.10.2\junit-platform-commons-1.10.2.jar;C:\Users\tisha\.m2\repository\org\apiguardian\apiguardian-api\1.1.2\apiguardian-api-1.1.2.jar;C:\Users\tisha\.m2\repository\org\junit\jupiter\junit-jupiter-params\5.10.2\junit-jupiter-params-5.10.2.jar;C:\Users\tisha\.m2\repository\org\junit\jupiter\junit-jupiter-engine\5.10.2\junit-jupiter-engine-5.10.2.jar;C:\Users\tisha\.m2\repository\org\junit\platform\junit-platform-engine\1.10.2\junit-platform-engine-1.10.2.jar;C:\Users\tisha\.m2\repository\org\mockito\mockito-core\5.7.0\mockito-core-5.7.0.jar;C:\Users\tisha\.m2\repository\net\bytebuddy\byte-buddy-agent\1.14.11\byte-buddy-agent-1.14.11.jar;C:\Users\tisha\.m2\repository\org\objenesis\objenesis\3.3\objenesis-3.3.jar;C:\Users\tisha\.m2\repository\org\mockito\mockito-junit-jupiter\5.7.0\mockito-junit-jupiter-5.7.0.jar;C:\Users\tisha\.m2\repository\org\skyscreamer\jsonassert\1.5.1\jsonassert-1.5.1.jar;C:\Users\tisha\.m2\repository\com\vaadin\external\google\android-json\0.0.20131108.vaadin1\android-json-0.0.20131108.vaadin1.jar;C:\Users\tisha\.m2\repository\org\springframework\spring-core\6.1.4-SNAPSHOT\spring-core-6.1.4-SNAPSHOT.jar;C:\Users\tisha\.m2\repository\org\springframework\spring-jcl\6.1.4-SNAPSHOT\spring-jcl-6.1.4-SNAPSHOT.jar;C:\Users\tisha\.m2\repository\org\springframework\spring-test\6.1.4-SNAPSHOT\spring-test-6.1.4-SNAPSHOT.jar;C:\Users\tisha\.m2\repository\org\xmlunit\xmlunit-core\2.9.1\xmlunit-core-2.9.1.jar;C:\Users\tisha\.m2\repository\org\springframework\security\spring-security-crypto\6.2.1\spring-security-crypto-6.2.1.jar;C:\Users\tisha\.m2\repository\org\springframework\boot\spring-boot-starter-logging\3.2.3-SNAPSHOT\spring-boot-starter-logging-3.2.3-SNAPSHOT.jar;C:\Users\tisha\.m2\repository\ch\qos\logback\logback-classic\1.4.14\logback-classic-1.4.14.jar;C:\Users\tisha\.m2\repository\ch\qos\logback\logback-core\1.4.14\logback-core-1.4.14.jar;C:\Users\tisha\.m2\repository\org\apache\logging\log4j\log4j-to-slf4j\2.21.1\log4j-to-slf4j-2.21.1.jar;C:\Users\tisha\.m2\repository\org\apache\logging\log4j\log4j-api\2.21.1\log4j-api-2.21.1.jar;C:\Users\tisha\.m2\repository\org\slf4j\jul-to-slf4j\2.0.12\jul-to-slf4j-2.0.12.jar;"/>
    <property name="java.vm.vendor" value="Oracle Corporation"/>
    <property name="sun.arch.data.model" value="64"/>
    <property name="user.variant" value=""/>
    <property name="java.vendor.url" value="https://java.oracle.com/"/>
    <property name="user.timezone" value="Asia/Colombo"/>
    <property name="org.jboss.logging.provider" value="slf4j"/>
    <property name="os.name" value="Windows 11"/>
    <property name="java.vm.specification.version" value="21"/>
    <property name="sun.java.launcher" value="SUN_STANDARD"/>
    <property name="user.country" value="US"/>
    <property name="sun.boot.library.path" value="C:\Program Files\Java\jdk-21\bin"/>
    <property name="sun.java.command" value="C:\Users\tisha\AppData\Local\Temp\surefire1253928138575181666\surefirebooter-20240220091546417_3.jar C:\Users\tisha\AppData\Local\Temp\surefire1253928138575181666 2024-02-20T09-15-46_274-jvmRun1 surefire-20240220091546417_1tmp surefire_0-20240220091546417_2tmp"/>
    <property name="jdk.debug" value="release"/>
    <property name="surefire.test.class.path" value="D:\Project\TOHO-LANKA -V2\inventory-backend\target\test-classes;D:\Project\TOHO-LANKA -V2\inventory-backend\target\classes;C:\Users\tisha\.m2\repository\org\springframework\boot\spring-boot-starter-web\3.2.3-SNAPSHOT\spring-boot-starter-web-3.2.3-SNAPSHOT.jar;C:\Users\tisha\.m2\repository\org\springframework\boot\spring-boot-starter\3.2.3-SNAPSHOT\spring-boot-starter-3.2.3-SNAPSHOT.jar;C:\Users\tisha\.m2\repository\jakarta\annotation\jakarta.annotation-api\2.1.1\jakarta.annotation-api-2.1.1.jar;C:\Users\tisha\.m2\repository\org\yaml\snakeyaml\2.2\snakeyaml-2.2.jar;C:\Users\tisha\.m2\repository\org\springframework\boot\spring-boot-starter-json\3.2.3-SNAPSHOT\spring-boot-starter-json-3.2.3-SNAPSHOT.jar;C:\Users\tisha\.m2\repository\com\fasterxml\jackson\core\jackson-databind\2.15.3\jackson-databind-2.15.3.jar;C:\Users\tisha\.m2\repository\com\fasterxml\jackson\core\jackson-core\2.15.3\jackson-core-2.15.3.jar;C:\Users\tisha\.m2\repository\com\fasterxml\jackson\datatype\jackson-datatype-jdk8\2.15.3\jackson-datatype-jdk8-2.15.3.jar;C:\Users\tisha\.m2\repository\com\fasterxml\jackson\datatype\jackson-datatype-jsr310\2.15.3\jackson-datatype-jsr310-2.15.3.jar;C:\Users\tisha\.m2\repository\com\fasterxml\jackson\module\jackson-module-parameter-names\2.15.3\jackson-module-parameter-names-2.15.3.jar;C:\Users\tisha\.m2\repository\org\springframework\boot\spring-boot-starter-tomcat\3.2.3-SNAPSHOT\spring-boot-starter-tomcat-3.2.3-SNAPSHOT.jar;C:\Users\tisha\.m2\repository\org\apache\tomcat\embed\tomcat-embed-core\10.1.18\tomcat-embed-core-10.1.18.jar;C:\Users\tisha\.m2\repository\org\apache\tomcat\embed\tomcat-embed-el\10.1.18\tomcat-embed-el-10.1.18.jar;C:\Users\tisha\.m2\repository\org\apache\tomcat\embed\tomcat-embed-websocket\10.1.18\tomcat-embed-websocket-10.1.18.jar;C:\Users\tisha\.m2\repository\org\springframework\spring-web\6.1.4-SNAPSHOT\spring-web-6.1.4-SNAPSHOT.jar;C:\Users\tisha\.m2\repository\org\springframework\spring-beans\6.1.4-SNAPSHOT\spring-beans-6.1.4-SNAPSHOT.jar;C:\Users\tisha\.m2\repository\io\micrometer\micrometer-observation\1.12.3\micrometer-observation-1.12.3.jar;C:\Users\tisha\.m2\repository\io\micrometer\micrometer-commons\1.12.3\micrometer-commons-1.12.3.jar;C:\Users\tisha\.m2\repository\org\springframework\spring-webmvc\6.1.4-SNAPSHOT\spring-webmvc-6.1.4-SNAPSHOT.jar;C:\Users\tisha\.m2\repository\org\springframework\spring-aop\6.1.4-SNAPSHOT\spring-aop-6.1.4-SNAPSHOT.jar;C:\Users\tisha\.m2\repository\org\springframework\spring-context\6.1.4-SNAPSHOT\spring-context-6.1.4-SNAPSHOT.jar;C:\Users\tisha\.m2\repository\org\springframework\spring-expression\6.1.4-SNAPSHOT\spring-expression-6.1.4-SNAPSHOT.jar;C:\Users\tisha\.m2\repository\org\springframework\boot\spring-boot-starter-thymeleaf\3.2.3-SNAPSHOT\spring-boot-starter-thymeleaf-3.2.3-SNAPSHOT.jar;C:\Users\tisha\.m2\repository\org\thymeleaf\thymeleaf-spring6\3.1.2.RELEASE\thymeleaf-spring6-3.1.2.RELEASE.jar;C:\Users\tisha\.m2\repository\org\thymeleaf\thymeleaf\3.1.2.RELEASE\thymeleaf-3.1.2.RELEASE.jar;C:\Users\tisha\.m2\repository\org\attoparser\attoparser\2.0.7.RELEASE\attoparser-2.0.7.RELEASE.jar;C:\Users\tisha\.m2\repository\org\unbescape\unbescape\1.1.6.RELEASE\unbescape-1.1.6.RELEASE.jar;C:\Users\tisha\.m2\repository\org\springframework\boot\spring-boot-starter-data-jpa\3.2.3-SNAPSHOT\spring-boot-starter-data-jpa-3.2.3-SNAPSHOT.jar;C:\Users\tisha\.m2\repository\org\springframework\boot\spring-boot-starter-aop\3.2.3-SNAPSHOT\spring-boot-starter-aop-3.2.3-SNAPSHOT.jar;C:\Users\tisha\.m2\repository\org\aspectj\aspectjweaver\1.9.21\aspectjweaver-1.9.21.jar;C:\Users\tisha\.m2\repository\org\springframework\boot\spring-boot-starter-jdbc\3.2.3-SNAPSHOT\spring-boot-starter-jdbc-3.2.3-SNAPSHOT.jar;C:\Users\tisha\.m2\repository\com\zaxxer\HikariCP\5.0.1\HikariCP-5.0.1.jar;C:\Users\tisha\.m2\repository\org\springframework\spring-jdbc\6.1.4-SNAPSHOT\spring-jdbc-6.1.4-SNAPSHOT.jar;C:\Users\tisha\.m2\repository\org\hibernate\orm\hibernate-core\6.4.4.Final\hibernate-core-6.4.4.Final.jar;C:\Users\tisha\.m2\repository\jakarta\persistence\jakarta.persistence-api\3.1.0\jakarta.persistence-api-3.1.0.jar;C:\Users\tisha\.m2\repository\jakarta\transaction\jakarta.transaction-api\2.0.1\jakarta.transaction-api-2.0.1.jar;C:\Users\tisha\.m2\repository\org\jboss\logging\jboss-logging\3.5.3.Final\jboss-logging-3.5.3.Final.jar;C:\Users\tisha\.m2\repository\org\hibernate\common\hibernate-commons-annotations\6.0.6.Final\hibernate-commons-annotations-6.0.6.Final.jar;C:\Users\tisha\.m2\repository\io\smallrye\jandex\3.1.2\jandex-3.1.2.jar;C:\Users\tisha\.m2\repository\net\bytebuddy\byte-buddy\1.14.11\byte-buddy-1.14.11.jar;C:\Users\tisha\.m2\repository\org\glassfish\jaxb\jaxb-runtime\4.0.4\jaxb-runtime-4.0.4.jar;C:\Users\tisha\.m2\repository\org\glassfish\jaxb\jaxb-core\4.0.4\jaxb-core-4.0.4.jar;C:\Users\tisha\.m2\repository\org\glassfish\jaxb\txw2\4.0.4\txw2-4.0.4.jar;C:\Users\tisha\.m2\repository\com\sun\istack\istack-commons-runtime\4.1.2\istack-commons-runtime-4.1.2.jar;C:\Users\tisha\.m2\repository\jakarta\inject\jakarta.inject-api\2.0.1\jakarta.inject-api-2.0.1.jar;C:\Users\tisha\.m2\repository\org\antlr\antlr4-runtime\4.13.0\antlr4-runtime-4.13.0.jar;C:\Users\tisha\.m2\repository\org\springframework\data\spring-data-jpa\3.2.3-SNAPSHOT\spring-data-jpa-3.2.3-SNAPSHOT.jar;C:\Users\tisha\.m2\repository\org\springframework\data\spring-data-commons\3.2.3-SNAPSHOT\spring-data-commons-3.2.3-SNAPSHOT.jar;C:\Users\tisha\.m2\repository\org\springframework\spring-orm\6.1.4-SNAPSHOT\spring-orm-6.1.4-SNAPSHOT.jar;C:\Users\tisha\.m2\repository\org\springframework\spring-tx\6.1.4-SNAPSHOT\spring-tx-6.1.4-SNAPSHOT.jar;C:\Users\tisha\.m2\repository\org\springframework\spring-aspects\6.1.4-SNAPSHOT\spring-aspects-6.1.4-SNAPSHOT.jar;C:\Users\tisha\.m2\repository\javax\validation\validation-api\2.0.1.Final\validation-api-2.0.1.Final.jar;C:\Users\tisha\.m2\repository\org\springframework\boot\spring-boot-starter-mail\3.2.3-SNAPSHOT\spring-boot-starter-mail-3.2.3-SNAPSHOT.jar;C:\Users\tisha\.m2\repository\org\springframework\spring-context-support\6.1.4-SNAPSHOT\spring-context-support-6.1.4-SNAPSHOT.jar;C:\Users\tisha\.m2\repository\org\eclipse\angus\jakarta.mail\2.0.2\jakarta.mail-2.0.2.jar;C:\Users\tisha\.m2\repository\jakarta\activation\jakarta.activation-api\2.1.2\jakarta.activation-api-2.1.2.jar;C:\Users\tisha\.m2\repository\org\eclipse\angus\angus-activation\2.0.1\angus-activation-2.0.1.jar;C:\Users\tisha\.m2\repository\io\springfox\springfox-swagger2\3.0.0\springfox-swagger2-3.0.0.jar;C:\Users\tisha\.m2\repository\io\springfox\springfox-spi\3.0.0\springfox-spi-3.0.0.jar;C:\Users\tisha\.m2\repository\io\springfox\springfox-core\3.0.0\springfox-core-3.0.0.jar;C:\Users\tisha\.m2\repository\io\springfox\springfox-schema\3.0.0\springfox-schema-3.0.0.jar;C:\Users\tisha\.m2\repository\io\springfox\springfox-swagger-common\3.0.0\springfox-swagger-common-3.0.0.jar;C:\Users\tisha\.m2\repository\io\swagger\core\v3\swagger-annotations\2.1.2\swagger-annotations-2.1.2.jar;C:\Users\tisha\.m2\repository\io\springfox\springfox-spring-web\3.0.0\springfox-spring-web-3.0.0.jar;C:\Users\tisha\.m2\repository\io\github\classgraph\classgraph\4.8.83\classgraph-4.8.83.jar;C:\Users\tisha\.m2\repository\io\springfox\springfox-spring-webmvc\3.0.0\springfox-spring-webmvc-3.0.0.jar;C:\Users\tisha\.m2\repository\io\springfox\springfox-spring-webflux\3.0.0\springfox-spring-webflux-3.0.0.jar;C:\Users\tisha\.m2\repository\com\fasterxml\classmate\1.6.0\classmate-1.6.0.jar;C:\Users\tisha\.m2\repository\org\slf4j\slf4j-api\2.0.12\slf4j-api-2.0.12.jar;C:\Users\tisha\.m2\repository\org\springframework\plugin\spring-plugin-core\2.0.0.RELEASE\spring-plugin-core-2.0.0.RELEASE.jar;C:\Users\tisha\.m2\repository\org\springframework\plugin\spring-plugin-metadata\2.0.0.RELEASE\spring-plugin-metadata-2.0.0.RELEASE.jar;C:\Users\tisha\.m2\repository\io\swagger\swagger-annotations\1.5.20\swagger-annotations-1.5.20.jar;C:\Users\tisha\.m2\repository\io\swagger\swagger-models\1.5.20\swagger-models-1.5.20.jar;C:\Users\tisha\.m2\repository\com\fasterxml\jackson\core\jackson-annotations\2.15.3\jackson-annotations-2.15.3.jar;C:\Users\tisha\.m2\repository\org\mapstruct\mapstruct\1.3.1.Final\mapstruct-1.3.1.Final.jar;C:\Users\tisha\.m2\repository\com\mysql\mysql-connector-j\8.3.0\mysql-connector-j-8.3.0.jar;C:\Users\tisha\.m2\repository\org\springframework\boot\spring-boot-devtools\3.2.3-SNAPSHOT\spring-boot-devtools-3.2.3-SNAPSHOT.jar;C:\Users\tisha\.m2\repository\org\springframework\boot\spring-boot\3.2.3-SNAPSHOT\spring-boot-3.2.3-SNAPSHOT.jar;C:\Users\tisha\.m2\repository\org\springframework\boot\spring-boot-autoconfigure\3.2.3-SNAPSHOT\spring-boot-autoconfigure-3.2.3-SNAPSHOT.jar;C:\Users\tisha\.m2\repository\org\springframework\boot\spring-boot-starter-test\3.2.3-SNAPSHOT\spring-boot-starter-test-3.2.3-SNAPSHOT.jar;C:\Users\tisha\.m2\repository\org\springframework\boot\spring-boot-test\3.2.3-SNAPSHOT\spring-boot-test-3.2.3-SNAPSHOT.jar;C:\Users\tisha\.m2\repository\org\springframework\boot\spring-boot-test-autoconfigure\3.2.3-SNAPSHOT\spring-boot-test-autoconfigure-3.2.3-SNAPSHOT.jar;C:\Users\tisha\.m2\repository\com\jayway\jsonpath\json-path\2.9.0\json-path-2.9.0.jar;C:\Users\tisha\.m2\repository\jakarta\xml\bind\jakarta.xml.bind-api\4.0.1\jakarta.xml.bind-api-4.0.1.jar;C:\Users\tisha\.m2\repository\net\minidev\json-smart\2.5.0\json-smart-2.5.0.jar;C:\Users\tisha\.m2\repository\net\minidev\accessors-smart\2.5.0\accessors-smart-2.5.0.jar;C:\Users\tisha\.m2\repository\org\ow2\asm\asm\9.3\asm-9.3.jar;C:\Users\tisha\.m2\repository\org\assertj\assertj-core\3.24.2\assertj-core-3.24.2.jar;C:\Users\tisha\.m2\repository\org\awaitility\awaitility\4.2.0\awaitility-4.2.0.jar;C:\Users\tisha\.m2\repository\org\hamcrest\hamcrest\2.2\hamcrest-2.2.jar;C:\Users\tisha\.m2\repository\org\junit\jupiter\junit-jupiter\5.10.2\junit-jupiter-5.10.2.jar;C:\Users\tisha\.m2\repository\org\junit\jupiter\junit-jupiter-api\5.10.2\junit-jupiter-api-5.10.2.jar;C:\Users\tisha\.m2\repository\org\opentest4j\opentest4j\1.3.0\opentest4j-1.3.0.jar;C:\Users\tisha\.m2\repository\org\junit\platform\junit-platform-commons\1.10.2\junit-platform-commons-1.10.2.jar;C:\Users\tisha\.m2\repository\org\apiguardian\apiguardian-api\1.1.2\apiguardian-api-1.1.2.jar;C:\Users\tisha\.m2\repository\org\junit\jupiter\junit-jupiter-params\5.10.2\junit-jupiter-params-5.10.2.jar;C:\Users\tisha\.m2\repository\org\junit\jupiter\junit-jupiter-engine\5.10.2\junit-jupiter-engine-5.10.2.jar;C:\Users\tisha\.m2\repository\org\junit\platform\junit-platform-engine\1.10.2\junit-platform-engine-1.10.2.jar;C:\Users\tisha\.m2\repository\org\mockito\mockito-core\5.7.0\mockito-core-5.7.0.jar;C:\Users\tisha\.m2\repository\net\bytebuddy\byte-buddy-agent\1.14.11\byte-buddy-agent-1.14.11.jar;C:\Users\tisha\.m2\repository\org\objenesis\objenesis\3.3\objenesis-3.3.jar;C:\Users\tisha\.m2\repository\org\mockito\mockito-junit-jupiter\5.7.0\mockito-junit-jupiter-5.7.0.jar;C:\Users\tisha\.m2\repository\org\skyscreamer\jsonassert\1.5.1\jsonassert-1.5.1.jar;C:\Users\tisha\.m2\repository\com\vaadin\external\google\android-json\0.0.20131108.vaadin1\android-json-0.0.20131108.vaadin1.jar;C:\Users\tisha\.m2\repository\org\springframework\spring-core\6.1.4-SNAPSHOT\spring-core-6.1.4-SNAPSHOT.jar;C:\Users\tisha\.m2\repository\org\springframework\spring-jcl\6.1.4-SNAPSHOT\spring-jcl-6.1.4-SNAPSHOT.jar;C:\Users\tisha\.m2\repository\org\springframework\spring-test\6.1.4-SNAPSHOT\spring-test-6.1.4-SNAPSHOT.jar;C:\Users\tisha\.m2\repository\org\xmlunit\xmlunit-core\2.9.1\xmlunit-core-2.9.1.jar;C:\Users\tisha\.m2\repository\org\springframework\security\spring-security-crypto\6.2.1\spring-security-crypto-6.2.1.jar;C:\Users\tisha\.m2\repository\org\springframework\boot\spring-boot-starter-logging\3.2.3-SNAPSHOT\spring-boot-starter-logging-3.2.3-SNAPSHOT.jar;C:\Users\tisha\.m2\repository\ch\qos\logback\logback-classic\1.4.14\logback-classic-1.4.14.jar;C:\Users\tisha\.m2\repository\ch\qos\logback\logback-core\1.4.14\logback-core-1.4.14.jar;C:\Users\tisha\.m2\repository\org\apache\logging\log4j\log4j-to-slf4j\2.21.1\log4j-to-slf4j-2.21.1.jar;C:\Users\tisha\.m2\repository\org\apache\logging\log4j\log4j-api\2.21.1\log4j-api-2.21.1.jar;C:\Users\tisha\.m2\repository\org\slf4j\jul-to-slf4j\2.0.12\jul-to-slf4j-2.0.12.jar;"/>
    <property name="sun.cpu.endian" value="little"/>
    <property name="user.home" value="C:\Users\tisha"/>
    <property name="user.language" value="en"/>
    <property name="java.specification.vendor" value="Oracle Corporation"/>
    <property name="java.version.date" value="2023-10-17"/>
    <property name="java.home" value="C:\Program Files\Java\jdk-21"/>
    <property name="file.separator" value="\"/>
    <property name="basedir" value="D:\Project\TOHO-LANKA -V2\inventory-backend"/>
    <property name="java.vm.compressedOopsMode" value="32-bit"/>
    <property name="line.separator" value="&#10;"/>
    <property name="java.vm.specification.vendor" value="Oracle Corporation"/>
    <property name="java.specification.name" value="Java Platform API Specification"/>
    <property name="FILE_LOG_CHARSET" value="UTF-8"/>
    <property name="java.awt.headless" value="true"/>
    <property name="surefire.real.class.path" value="C:\Users\tisha\AppData\Local\Temp\surefire1253928138575181666\surefirebooter-20240220091546417_3.jar"/>
    <property name="user.script" value=""/>
    <property name="sun.management.compiler" value="HotSpot 64-Bit Tiered Compilers"/>
    <property name="java.runtime.version" value="21.0.1+12-LTS-29"/>
    <property name="user.name" value="tisha"/>
    <property name="stdout.encoding" value="Cp1252"/>
    <property name="path.separator" value=";"/>
    <property name="os.version" value="10.0"/>
    <property name="java.runtime.name" value="Java(TM) SE Runtime Environment"/>
    <property name="file.encoding" value="UTF-8"/>
    <property name="java.vm.name" value="Java HotSpot(TM) 64-Bit Server VM"/>
    <property name="localRepository" value="C:\Users\tisha\.m2\repository"/>
    <property name="java.vendor.url.bug" value="https://bugreport.java.com/bugreport/"/>
    <property name="java.io.tmpdir" value="C:\Users\tisha\AppData\Local\Temp\"/>
    <property name="idea.version" value="2023.3.4"/>
    <property name="com.zaxxer.hikari.pool_number" value="1"/>
    <property name="java.version" value="21.0.1"/>
    <property name="user.dir" value="D:\Project\TOHO-LANKA -V2\inventory-backend"/>
    <property name="os.arch" value="amd64"/>
    <property name="java.vm.specification.name" value="Java Virtual Machine Specification"/>
    <property name="PID" value="12616"/>
    <property name="sun.os.patch.level" value=""/>
    <property name="CONSOLE_LOG_CHARSET" value="UTF-8"/>
    <property name="native.encoding" value="Cp1252"/>
    <property name="java.library.path" value="C:\Program Files\Java\jdk-21\bin;C:\WINDOWS\Sun\Java\bin;C:\WINDOWS\system32;C:\WINDOWS;C:\Python312\Scripts\;C:\Python312\;C:\Program Files\Common Files\Oracle\Java\javapath;C:\WINDOWS\system32;C:\WINDOWS;C:\WINDOWS\System32\Wbem;C:\WINDOWS\System32\WindowsPowerShell\v1.0\;C:\WINDOWS\System32\OpenSSH\;C:\src\flutter\bin;C:\Program Files\dotnet\;D:\Windows Kits\10\Windows Performance Toolkit\;C:\Program Files (x86)\NVIDIA Corporation\PhysX\Common;C:\Users\tisha\anaconda3\envs\mlenv;C:\Program Files\Java\jdk-21;C:\Program Files\Git\cmd;D:\Softwear\PyCharm 2023.2.4\bin;D:\Softwear\IntelliJ IDEA 2023.2.5\bin;D:\Softwear\Android Studio\bin;D:\Softwear\MATLAB\bin;C:\Program Files\nodejs\;C:\ProgramData\chocolatey\bin;D:\Softwear\xampp\php;C:\ProgramData\ComposerSetup\bin;D:\Softwear\mongosh;C:\nginx;C:\Program Files\MySQL\MySQL Shell 8.0\bin\;C:\Users\tisha\AppData\Local\Microsoft\WindowsApps;C:\Users\tisha\AppData\Local\Programs\Microsoft VS Code\bin;C:\Users\tisha\.dotnet\tools;C:\Users\tisha\AppData\Roaming\npm;C:\Program Files\nodejs\;C:\Users\tisha\AppData\Roaming\Composer\vendor\bin;D:\Softwear\mongosh\;C:\Users\tisha\.dotnet\tools;."/>
    <property name="java.vm.info" value="mixed mode, sharing"/>
    <property name="stderr.encoding" value="Cp1252"/>
    <property name="java.vendor" value="Oracle Corporation"/>
    <property name="java.vm.version" value="21.0.1+12-LTS-29"/>
    <property name="sun.io.unicode.encoding" value="UnicodeLittle"/>
    <property name="java.class.version" value="65.0"/>
  </properties>
  <testcase name="contextLoads" classname="com.toholanka.inventorybackend.InventoryBackendApplicationTests" time="0.79">
    <system-out><![CDATA[09:15:47.722 [main] INFO org.springframework.test.context.support.AnnotationConfigContextLoaderUtils -- Could not detect default configuration classes for test class [com.toholanka.inventorybackend.InventoryBackendApplicationTests]: InventoryBackendApplicationTests does not declare any static, non-private, non-final, nested classes annotated with @Configuration.
09:15:47.904 [main] INFO org.springframework.boot.test.context.SpringBootTestContextBootstrapper -- Found @SpringBootConfiguration com.toholanka.inventorybackend.InventoryBackendApplication for test class com.toholanka.inventorybackend.InventoryBackendApplicationTests
09:15:48.184 [main] INFO org.springframework.boot.devtools.restart.RestartApplicationListener -- Restart disabled due to context in which it is running

  .   ____          _            __ _ _
 /\\ / ___'_ __ _ _(_)_ __  __ _ \ \ \ \
( ( )\___ | '_ | '_| | '_ \/ _` | \ \ \ \
 \\/  ___)| |_)| | | | | || (_| |  ) ) ) )
  '  |____| .__|_| |_|_| |_\__, | / / / /
 =========|_|==============|___/=/_/_/_/
 :: Spring Boot ::       (v3.2.3-SNAPSHOT)

2024-02-20T09:15:48.605+05:30  INFO 12616 --- [           main] c.t.i.InventoryBackendApplicationTests   : Starting InventoryBackendApplicationTests using Java 21.0.1 with PID 12616 (started by tisha in D:\Project\TOHO-LANKA -V2\inventory-backend)
2024-02-20T09:15:48.606+05:30  INFO 12616 --- [           main] c.t.i.InventoryBackendApplicationTests   : No active profile set, falling back to 1 default profile: "default"
2024-02-20T09:15:49.809+05:30  INFO 12616 --- [           main] .s.d.r.c.RepositoryConfigurationDelegate : Bootstrapping Spring Data JPA repositories in DEFAULT mode.
2024-02-20T09:15:49.936+05:30  INFO 12616 --- [           main] .s.d.r.c.RepositoryConfigurationDelegate : Finished Spring Data repository scanning in 108 ms. Found 4 JPA repository interfaces.
2024-02-20T09:15:50.748+05:30  INFO 12616 --- [           main] o.hibernate.jpa.internal.util.LogHelper  : HHH000204: Processing PersistenceUnitInfo [name: default]
2024-02-20T09:15:50.866+05:30  INFO 12616 --- [           main] org.hibernate.Version                    : HHH000412: Hibernate ORM core version 6.4.4.Final
2024-02-20T09:15:50.954+05:30  INFO 12616 --- [           main] o.h.c.internal.RegionFactoryInitiator    : HHH000026: Second-level cache disabled
2024-02-20T09:15:51.427+05:30  INFO 12616 --- [           main] o.s.o.j.p.SpringPersistenceUnitInfo      : No LoadTimeWeaver setup: ignoring JPA class transformer
2024-02-20T09:15:51.474+05:30  INFO 12616 --- [           main] com.zaxxer.hikari.HikariDataSource       : HikariPool-1 - Starting...
2024-02-20T09:15:52.233+05:30  INFO 12616 --- [           main] com.zaxxer.hikari.pool.HikariPool        : HikariPool-1 - Added connection com.mysql.cj.jdbc.ConnectionImpl@3b362f1
2024-02-20T09:15:52.236+05:30  INFO 12616 --- [           main] com.zaxxer.hikari.HikariDataSource       : HikariPool-1 - Start completed.
2024-02-20T09:15:53.756+05:30  INFO 12616 --- [           main] o.h.e.t.j.p.i.JtaPlatformInitiator       : HHH000489: No JTA platform available (set 'hibernate.transaction.jta.platform' to enable JTA platform integration)
2024-02-20T09:15:53.875+05:30  INFO 12616 --- [           main] j.LocalContainerEntityManagerFactoryBean : Initialized JPA EntityManagerFactory for persistence unit 'default'
2024-02-20T09:15:54.868+05:30  WARN 12616 --- [           main] JpaBaseConfiguration$JpaWebConfiguration : spring.jpa.open-in-view is enabled by default. Therefore, database queries may be performed during view rendering. Explicitly configure spring.jpa.open-in-view to disable this warning
2024-02-20T09:15:55.523+05:30  INFO 12616 --- [           main] c.t.i.InventoryBackendApplicationTests   : Started InventoryBackendApplicationTests in 7.361 seconds (process running for 8.913)
]]></system-out>
    <system-err><![CDATA[WARNING: A Java agent has been loaded dynamically (C:\Users\tisha\.m2\repository\net\bytebuddy\byte-buddy-agent\1.14.11\byte-buddy-agent-1.14.11.jar)
WARNING: If a serviceability tool is in use, please run with -XX:+EnableDynamicAgentLoading to hide this warning
WARNING: If a serviceability tool is not in use, please run with -Djdk.instrument.traceUsage for more information
WARNING: Dynamic loading of agents will be disallowed by default in a future release
]]></system-err>
  </testcase>
</testsuite>